<?xml version="1.0" encoding="UTF-8"?>
<!-- Generated by org.testng.reporters.JUnitReportReporter -->
<testsuite hostname="MININT-5A4ARUJ" name="com.fanniemae.runner.TestRunner" tests="2" failures="0" timestamp="9 Jun 2017 14:45:47 GMT" time="0.157" errors="0">
  <testcase name="feature" time="0.015" classname="com.fanniemae.runner.TestRunner"/>
  <testcase name="feature" time="0.142" classname="com.fanniemae.runner.TestRunner"/>
</testsuite> <!-- com.fanniemae.runner.TestRunner -->
