<?xml version="1.0" encoding="UTF-8"?>
<!-- Generated by org.testng.reporters.JUnitReportReporter -->
<testsuite hostname="MININT-5A4ARUJ" name="com.fanniemae.runner.TestRunner" tests="1" failures="0" timestamp="8 Jun 2017 20:20:36 GMT" time="0.109" errors="0">
  <testcase name="feature" time="0.109" classname="com.fanniemae.runner.TestRunner"/>
</testsuite> <!-- com.fanniemae.runner.TestRunner -->
